Watching for file changes with StatReloader
Performing system checks...

System check identified no issues (0 silenced).
May 30, 2022 - 15:23:04
Django version 2.2, using settings 'django1.settings'
Starting development server at http://0.0.0.0:8000/
Quit the server with CONTROL-C.
/src/files/
<MultiValueDict: {'M1_1_histogram_eq.png': [<InMemoryUploadedFile: M1_1_histogram_eq.png (image/png)>]}>
/src/files/M1_1_histogram_eq.png
[30/May/2022 15:24:02] "POST /upload_files/ HTTP/1.0" 200 2
/src/files/a/b/c
<MultiValueDict: {'1.png': [<InMemoryUploadedFile: 1.png (image/png)>]}>
/src/files/a/b/c/1.png
[30/May/2022 15:24:20] "POST /upload_files/ HTTP/1.0" 200 2
/src/files/a/b/c
<MultiValueDict: {'2.png': [<InMemoryUploadedFile: 2.png (image/png)>]}>
/src/files/a/b/c/2.png
[30/May/2022 15:24:20] "POST /upload_files/ HTTP/1.0" 200 2
{'kind': '000', 'username': 'admin'}
[30/May/2022 15:25:11] "POST /auth/ HTTP/1.0" 200 79
{'kind': '005', 'username': 'admin'}
[30/May/2022 15:25:22] "POST /auth/ HTTP/1.0" 200 28
