compiled with version: 10.2.1 20210110 on 17 June 2022 15:45:10
os: Linux-5.10.16.3-microsoft-standard-WSL2 #1 SMP Fri Apr 2 22:23:49 UTC 2021
nodename: 486532eedc19
machine: x86_64
clock source: unix
pcre jit disabled
detected number of CPU cores: 12
current working directory: /src
writing pidfile to uwsgi.pid
detected binary path: /usr/local/bin/uwsgi
*** WARNING: you are running uWSGI as root !!! (use the --uid flag) *** 
chdir() to /src/django1/
your memory page size is 4096 bytes
detected max file descriptor number: 1048576
lock engine: pthread robust mutexes
thunder lock: disabled (you can enable it with --thunder-lock)
uwsgi socket 0 bound to TCP address 0.0.0.0:8000 fd 3
*** WARNING: you are running uWSGI as root !!! (use the --uid flag) *** 
Python version: 3.7.13 (default, May 28 2022, 14:49:57)  [GCC 10.2.1 20210110]
Python main interpreter initialized at 0x55d39edf20a0
*** WARNING: you are running uWSGI as root !!! (use the --uid flag) *** 
python threads support enabled
your server socket listen backlog is limited to 100 connections
your mercy for graceful operations on workers is 60 seconds
mapped 416880 bytes (407 KB) for 8 cores
*** Operational MODE: preforking+threaded ***
WSGI app 0 (mountpoint='') ready in 1 seconds on interpreter 0x55d39edf20a0 pid: 9 (default app)
*** WARNING: you are running uWSGI as root !!! (use the --uid flag) *** 
*** uWSGI is running in multiple interpreter mode ***
spawned uWSGI master process (pid: 9)
spawned uWSGI worker 1 (pid: 10, cores: 2)
spawned uWSGI worker 2 (pid: 12, cores: 2)
spawned uWSGI worker 3 (pid: 14, cores: 2)
spawned uWSGI worker 4 (pid: 15, cores: 2)
/src/files/
<MultiValueDict: {'Docker Desktop Installer.exe': [<TemporaryUploadedFile: Docker Desktop Installer.exe (application/x-msdownload)>]}>
/src/files/Docker Desktop Installer.exe
{'mode': '3'}
[pid: 15|app: 0|req: 2/1] 172.20.0.1 () {66 vars in 1386 bytes} [Sat Jun 18 01:27:17 2022] POST /uploadapi/auth/ => generated 61 bytes in 2 msecs (HTTP/1.1 200) 8 headers in 401 bytes (1 switches on core 1)
*** Starting uWSGI 2.0.18 (64bit) on [Wed Jan 18 00:56:22 2023] ***
compiled with version: 10.2.1 20210110 on 18 January 2023 00:56:14
os: Linux-5.10.16.3-microsoft-standard-WSL2 #1 SMP Fri Apr 2 22:23:49 UTC 2021
nodename: 9107be870e76
machine: x86_64
clock source: unix
pcre jit disabled
detected number of CPU cores: 12
current working directory: /src
writing pidfile to uwsgi.pid
detected binary path: /usr/local/bin/uwsgi
*** WARNING: you are running uWSGI as root !!! (use the --uid flag) *** 
chdir() to /src/django1/
your memory page size is 4096 bytes
detected max file descriptor number: 1048576
lock engine: pthread robust mutexes
thunder lock: disabled (you can enable it with --thunder-lock)
uwsgi socket 0 bound to TCP address 0.0.0.0:8000 fd 3
*** WARNING: you are running uWSGI as root !!! (use the --uid flag) *** 
Python version: 3.7.16 (default, Jan 11 2023, 16:50:43)  [GCC 10.2.1 20210110]
Python main interpreter initialized at 0x55b3402790e0
*** WARNING: you are running uWSGI as root !!! (use the --uid flag) *** 
python threads support enabled
your server socket listen backlog is limited to 100 connections
your mercy for graceful operations on workers is 60 seconds
mapped 416880 bytes (407 KB) for 8 cores
*** Operational MODE: preforking+threaded ***
WSGI app 0 (mountpoint='') ready in 0 seconds on interpreter 0x55b3402790e0 pid: 9 (default app)
*** WARNING: you are running uWSGI as root !!! (use the --uid flag) *** 
*** uWSGI is running in multiple interpreter mode ***
spawned uWSGI master process (pid: 9)
spawned uWSGI worker 1 (pid: 10, cores: 2)
spawned uWSGI worker 2 (pid: 12, cores: 2)
spawned uWSGI worker 3 (pid: 14, cores: 2)
spawned uWSGI worker 4 (pid: 16, cores: 2)
